14.07.2020 09:22:24 sql=[SELECT * FROM singer where id = 2 ] 
14.07.2020 09:22:24 sql=[SELECT * FROM grab_category where home > 0 ] 
14.07.2020 09:22:24 sql=[SELECT id,img, title, description FROM grab_content where cid=1 limit 6] 
14.07.2020 09:22:24 sql=[SELECT id,img, title, description FROM grab_content where cid=2 limit 6] 
14.07.2020 09:22:24 sql=[SELECT id,img, title, description FROM grab_content where cid=3 limit 6] 
14.07.2020 09:22:24 sql=[SELECT id,img, title, description FROM grab_content where cid=4 limit 6] 
14.07.2020 09:22:24 sql=[SELECT id,img, title, description FROM grab_content where cid=5 limit 6] 
14.07.2020 09:22:24 sql=[SELECT id,img, title, description FROM grab_content where cid=6 limit 6] 
14.07.2020 09:22:24 sql=[SELECT * FROM grab_category where `right` > 0 order by `right` desc] 
14.07.2020 09:22:24 sql=[SELECT id,img, title, description FROM grab_content where cid=3 limit 6] 
14.07.2020 09:22:24 sql=[SELECT id,img, title, description FROM grab_content where cid=7 limit 6] 
14.07.2020 09:22:24 sql=[SELECT id,img, title, description FROM grab_content where cid=8 limit 6] 
14.07.2020 09:22:24 sql=[SELECT * FROM singer where id = 2 ] 
14.07.2020 09:22:24 sql=[SELECT * FROM grab_category where home > 0 ] 
14.07.2020 09:22:24 sql=[SELECT id,img, title, description FROM grab_content where cid=1 limit 6] 
14.07.2020 09:22:24 sql=[SELECT id,img, title, description FROM grab_content where cid=2 limit 6] 
14.07.2020 09:22:24 sql=[SELECT id,img, title, description FROM grab_content where cid=3 limit 6] 
14.07.2020 09:22:24 sql=[SELECT id,img, title, description FROM grab_content where cid=4 limit 6] 
14.07.2020 09:22:24 sql=[SELECT id,img, title, description FROM grab_content where cid=5 limit 6] 
14.07.2020 09:22:24 sql=[SELECT id,img, title, description FROM grab_content where cid=6 limit 6] 
14.07.2020 09:22:24 sql=[SELECT * FROM grab_category where `right` > 0 order by `right` desc] 
14.07.2020 09:22:24 sql=[SELECT id,img, title, description FROM grab_content where cid=3 limit 6] 
14.07.2020 09:22:24 sql=[SELECT id,img, title, description FROM grab_content where cid=7 limit 6] 
14.07.2020 09:22:24 sql=[SELECT id,img, title, description FROM grab_content where cid=8 limit 6] 
14.07.2020 11:52:14 sql=[SELECT * FROM singer where id = 2 ] 
14.07.2020 11:52:14 Khong the select duoc,ERROR=[Table 'nhaccuatui.singer' doesn't exist] 
14.07.2020 11:52:14 COUNT=[0] 
14.07.2020 11:52:14 sql=[SELECT * FROM grab_category where home > 0 ] 
14.07.2020 11:52:14 sql=[SELECT id,img, title, description FROM grab_content where cid=1 limit 6] 
14.07.2020 11:52:14 sql=[SELECT id,img, title, description FROM grab_content where cid=2 limit 6] 
14.07.2020 11:52:14 sql=[SELECT id,img, title, description FROM grab_content where cid=3 limit 6] 
14.07.2020 11:52:14 sql=[SELECT id,img, title, description FROM grab_content where cid=4 limit 6] 
14.07.2020 11:52:14 sql=[SELECT id,img, title, description FROM grab_content where cid=5 limit 6] 
14.07.2020 11:52:14 sql=[SELECT id,img, title, description FROM grab_content where cid=6 limit 6] 
14.07.2020 11:52:14 sql=[SELECT * FROM grab_category where `right` > 0 order by `right` desc] 
14.07.2020 11:52:14 sql=[SELECT id,img, title, description FROM grab_content where cid=3 limit 6] 
14.07.2020 11:52:14 sql=[SELECT id,img, title, description FROM grab_content where cid=7 limit 6] 
14.07.2020 11:52:14 sql=[SELECT id,img, title, description FROM grab_content where cid=8 limit 6] 
14.07.2020 11:52:14 sql=[SELECT * FROM singer where id = 2 ] 
14.07.2020 11:52:14 Khong the select duoc,ERROR=[Table 'nhaccuatui.singer' doesn't exist] 
14.07.2020 11:52:14 COUNT=[0] 
14.07.2020 11:52:14 sql=[SELECT * FROM grab_category where home > 0 ] 
14.07.2020 11:52:14 sql=[SELECT id,img, title, description FROM grab_content where cid=1 limit 6] 
14.07.2020 11:52:14 sql=[SELECT id,img, title, description FROM grab_content where cid=2 limit 6] 
14.07.2020 11:52:14 sql=[SELECT id,img, title, description FROM grab_content where cid=3 limit 6] 
14.07.2020 11:52:14 sql=[SELECT id,img, title, description FROM grab_content where cid=4 limit 6] 
14.07.2020 11:52:14 sql=[SELECT id,img, title, description FROM grab_content where cid=5 limit 6] 
14.07.2020 11:52:14 sql=[SELECT id,img, title, description FROM grab_content where cid=6 limit 6] 
14.07.2020 11:52:14 sql=[SELECT * FROM grab_category where `right` > 0 order by `right` desc] 
14.07.2020 11:52:14 sql=[SELECT id,img, title, description FROM grab_content where cid=3 limit 6] 
14.07.2020 11:52:14 sql=[SELECT id,img, title, description FROM grab_content where cid=7 limit 6] 
14.07.2020 11:52:14 sql=[SELECT id,img, title, description FROM grab_content where cid=8 limit 6] 
14.07.2020 11:52:36 sql=[SELECT * FROM singer where id = 2 ] 
14.07.2020 11:52:36 Khong the select duoc,ERROR=[Table 'nhaccuatui.singer' doesn't exist] 
14.07.2020 11:52:36 COUNT=[0] 
14.07.2020 11:52:36 sql=[SELECT * FROM grab_category where home > 0 ] 
14.07.2020 11:52:36 sql=[SELECT id,img, title, description FROM grab_content where cid=1 limit 6] 
14.07.2020 11:52:36 sql=[SELECT id,img, title, description FROM grab_content where cid=2 limit 6] 
14.07.2020 11:52:36 sql=[SELECT id,img, title, description FROM grab_content where cid=3 limit 6] 
14.07.2020 11:52:36 sql=[SELECT id,img, title, description FROM grab_content where cid=4 limit 6] 
14.07.2020 11:52:36 sql=[SELECT id,img, title, description FROM grab_content where cid=5 limit 6] 
14.07.2020 11:52:36 sql=[SELECT id,img, title, description FROM grab_content where cid=6 limit 6] 
14.07.2020 11:52:36 sql=[SELECT * FROM grab_category where `right` > 0 order by `right` desc] 
14.07.2020 11:52:36 sql=[SELECT id,img, title, description FROM grab_content where cid=3 limit 6] 
14.07.2020 11:52:36 sql=[SELECT id,img, title, description FROM grab_content where cid=7 limit 6] 
14.07.2020 11:52:36 sql=[SELECT id,img, title, description FROM grab_content where cid=8 limit 6] 
14.07.2020 11:52:36 sql=[SELECT * FROM singer where id = 2 ] 
14.07.2020 11:52:36 Khong the select duoc,ERROR=[Table 'nhaccuatui.singer' doesn't exist] 
14.07.2020 11:52:36 COUNT=[0] 
14.07.2020 11:52:36 sql=[SELECT * FROM grab_category where home > 0 ] 
14.07.2020 11:52:36 sql=[SELECT id,img, title, description FROM grab_content where cid=1 limit 6] 
14.07.2020 11:52:36 sql=[SELECT id,img, title, description FROM grab_content where cid=2 limit 6] 
14.07.2020 11:52:36 sql=[SELECT id,img, title, description FROM grab_content where cid=3 limit 6] 
14.07.2020 11:52:36 sql=[SELECT id,img, title, description FROM grab_content where cid=4 limit 6] 
14.07.2020 11:52:36 sql=[SELECT id,img, title, description FROM grab_content where cid=5 limit 6] 
14.07.2020 11:52:36 sql=[SELECT id,img, title, description FROM grab_content where cid=6 limit 6] 
14.07.2020 11:52:36 sql=[SELECT * FROM grab_category where `right` > 0 order by `right` desc] 
14.07.2020 11:52:36 sql=[SELECT id,img, title, description FROM grab_content where cid=3 limit 6] 
14.07.2020 11:52:36 sql=[SELECT id,img, title, description FROM grab_content where cid=7 limit 6] 
14.07.2020 11:52:36 sql=[SELECT id,img, title, description FROM grab_content where cid=8 limit 6] 
14.07.2020 11:53:19 sql=[SELECT * FROM singer where id = 2 ] 
14.07.2020 11:53:19 Khong the select duoc,ERROR=[Table 'nhaccuatui.singer' doesn't exist] 
14.07.2020 11:53:19 COUNT=[0] 
14.07.2020 11:53:19 sql=[SELECT * FROM grab_category where home > 0 ] 
14.07.2020 11:53:19 sql=[SELECT id,img, title, description FROM grab_content where cid=1 limit 6] 
14.07.2020 11:53:19 sql=[SELECT id,img, title, description FROM grab_content where cid=2 limit 6] 
14.07.2020 11:53:19 sql=[SELECT id,img, title, description FROM grab_content where cid=3 limit 6] 
14.07.2020 11:53:19 sql=[SELECT id,img, title, description FROM grab_content where cid=4 limit 6] 
14.07.2020 11:53:19 sql=[SELECT id,img, title, description FROM grab_content where cid=5 limit 6] 
14.07.2020 11:53:19 sql=[SELECT id,img, title, description FROM grab_content where cid=6 limit 6] 
14.07.2020 11:53:19 sql=[SELECT * FROM grab_category where `right` > 0 order by `right` desc] 
14.07.2020 11:53:19 sql=[SELECT id,img, title, description FROM grab_content where cid=3 limit 6] 
14.07.2020 11:53:19 sql=[SELECT id,img, title, description FROM grab_content where cid=7 limit 6] 
14.07.2020 11:53:19 sql=[SELECT id,img, title, description FROM grab_content where cid=8 limit 6] 
14.07.2020 11:53:19 sql=[SELECT * FROM singer where id = 2 ] 
14.07.2020 11:53:19 Khong the select duoc,ERROR=[Table 'nhaccuatui.singer' doesn't exist] 
14.07.2020 11:53:19 COUNT=[0] 
14.07.2020 11:53:19 sql=[SELECT * FROM grab_category where home > 0 ] 
14.07.2020 11:53:19 sql=[SELECT id,img, title, description FROM grab_content where cid=1 limit 6] 
14.07.2020 11:53:19 sql=[SELECT id,img, title, description FROM grab_content where cid=2 limit 6] 
14.07.2020 11:53:19 sql=[SELECT id,img, title, description FROM grab_content where cid=3 limit 6] 
14.07.2020 11:53:19 sql=[SELECT id,img, title, description FROM grab_content where cid=4 limit 6] 
14.07.2020 11:53:19 sql=[SELECT id,img, title, description FROM grab_content where cid=5 limit 6] 
14.07.2020 11:53:19 sql=[SELECT id,img, title, description FROM grab_content where cid=6 limit 6] 
14.07.2020 11:53:19 sql=[SELECT * FROM grab_category where `right` > 0 order by `right` desc] 
14.07.2020 11:53:19 sql=[SELECT id,img, title, description FROM grab_content where cid=3 limit 6] 
14.07.2020 11:53:19 sql=[SELECT id,img, title, description FROM grab_content where cid=7 limit 6] 
14.07.2020 11:53:19 sql=[SELECT id,img, title, description FROM grab_content where cid=8 limit 6] 
14.07.2020 11:55:43 sql=[SELECT * FROM nghéi where id = 2 ] 
14.07.2020 11:55:43 Khong the select duoc,ERROR=[Table 'nhaccuatui.nghéi' doesn't exist] 
14.07.2020 11:55:43 COUNT=[0] 
14.07.2020 11:55:43 sql=[SELECT * FROM grab_category where home > 0 ] 
14.07.2020 11:55:43 sql=[SELECT id,img, title, description FROM grab_content where cid=1 limit 6] 
14.07.2020 11:55:43 sql=[SELECT id,img, title, description FROM grab_content where cid=2 limit 6] 
14.07.2020 11:55:43 sql=[SELECT id,img, title, description FROM grab_content where cid=3 limit 6] 
14.07.2020 11:55:43 sql=[SELECT id,img, title, description FROM grab_content where cid=4 limit 6] 
14.07.2020 11:55:43 sql=[SELECT id,img, title, description FROM grab_content where cid=5 limit 6] 
14.07.2020 11:55:43 sql=[SELECT id,img, title, description FROM grab_content where cid=6 limit 6] 
14.07.2020 11:55:43 sql=[SELECT * FROM grab_category where `right` > 0 order by `right` desc] 
14.07.2020 11:55:43 sql=[SELECT id,img, title, description FROM grab_content where cid=3 limit 6] 
14.07.2020 11:55:43 sql=[SELECT id,img, title, description FROM grab_content where cid=7 limit 6] 
14.07.2020 11:55:43 sql=[SELECT id,img, title, description FROM grab_content where cid=8 limit 6] 
14.07.2020 11:55:44 sql=[SELECT * FROM nghéi where id = 2 ] 
14.07.2020 11:55:44 Khong the select duoc,ERROR=[Table 'nhaccuatui.nghéi' doesn't exist] 
14.07.2020 11:55:44 COUNT=[0] 
14.07.2020 11:55:44 sql=[SELECT * FROM grab_category where home > 0 ] 
14.07.2020 11:55:44 sql=[SELECT id,img, title, description FROM grab_content where cid=1 limit 6] 
14.07.2020 11:55:44 sql=[SELECT id,img, title, description FROM grab_content where cid=2 limit 6] 
14.07.2020 11:55:44 sql=[SELECT id,img, title, description FROM grab_content where cid=3 limit 6] 
14.07.2020 11:55:44 sql=[SELECT id,img, title, description FROM grab_content where cid=4 limit 6] 
14.07.2020 11:55:44 sql=[SELECT id,img, title, description FROM grab_content where cid=5 limit 6] 
14.07.2020 11:55:44 sql=[SELECT id,img, title, description FROM grab_content where cid=6 limit 6] 
14.07.2020 11:55:44 sql=[SELECT * FROM grab_category where `right` > 0 order by `right` desc] 
14.07.2020 11:55:44 sql=[SELECT id,img, title, description FROM grab_content where cid=3 limit 6] 
14.07.2020 11:55:44 sql=[SELECT id,img, title, description FROM grab_content where cid=7 limit 6] 
14.07.2020 11:55:44 sql=[SELECT id,img, title, description FROM grab_content where cid=8 limit 6] 
14.07.2020 11:55:48 sql=[SELECT * FROM nghéi where id = 2 ] 
14.07.2020 11:55:48 Khong the select duoc,ERROR=[Table 'nhaccuatui.nghéi' doesn't exist] 
14.07.2020 11:55:48 COUNT=[0] 
14.07.2020 11:55:48 sql=[SELECT * FROM grab_category where home > 0 ] 
14.07.2020 11:55:48 sql=[SELECT id,img, title, description FROM grab_content where cid=1 limit 6] 
14.07.2020 11:55:48 sql=[SELECT id,img, title, description FROM grab_content where cid=2 limit 6] 
14.07.2020 11:55:48 sql=[SELECT id,img, title, description FROM grab_content where cid=3 limit 6] 
14.07.2020 11:55:48 sql=[SELECT id,img, title, description FROM grab_content where cid=4 limit 6] 
14.07.2020 11:55:48 sql=[SELECT id,img, title, description FROM grab_content where cid=5 limit 6] 
14.07.2020 11:55:48 sql=[SELECT id,img, title, description FROM grab_content where cid=6 limit 6] 
14.07.2020 11:55:48 sql=[SELECT * FROM grab_category where `right` > 0 order by `right` desc] 
14.07.2020 11:55:48 sql=[SELECT id,img, title, description FROM grab_content where cid=3 limit 6] 
14.07.2020 11:55:48 sql=[SELECT id,img, title, description FROM grab_content where cid=7 limit 6] 
14.07.2020 11:55:48 sql=[SELECT id,img, title, description FROM grab_content where cid=8 limit 6] 
14.07.2020 11:55:48 sql=[SELECT * FROM nghéi where id = 2 ] 
14.07.2020 11:55:48 Khong the select duoc,ERROR=[Table 'nhaccuatui.nghéi' doesn't exist] 
14.07.2020 11:55:48 COUNT=[0] 
14.07.2020 11:55:48 sql=[SELECT * FROM grab_category where home > 0 ] 
14.07.2020 11:55:48 sql=[SELECT id,img, title, description FROM grab_content where cid=1 limit 6] 
14.07.2020 11:55:48 sql=[SELECT id,img, title, description FROM grab_content where cid=2 limit 6] 
14.07.2020 11:55:48 sql=[SELECT id,img, title, description FROM grab_content where cid=3 limit 6] 
14.07.2020 11:55:48 sql=[SELECT id,img, title, description FROM grab_content where cid=4 limit 6] 
14.07.2020 11:55:48 sql=[SELECT id,img, title, description FROM grab_content where cid=5 limit 6] 
14.07.2020 11:55:48 sql=[SELECT id,img, title, description FROM grab_content where cid=6 limit 6] 
14.07.2020 11:55:48 sql=[SELECT * FROM grab_category where `right` > 0 order by `right` desc] 
14.07.2020 11:55:48 sql=[SELECT id,img, title, description FROM grab_content where cid=3 limit 6] 
14.07.2020 11:55:48 sql=[SELECT id,img, title, description FROM grab_content where cid=7 limit 6] 
14.07.2020 11:55:48 sql=[SELECT id,img, title, description FROM grab_content where cid=8 limit 6] 
14.07.2020 11:55:59 sql=[SELECT * FROM nghesi where id = 2 ] 
14.07.2020 11:55:59 sql=[SELECT * FROM grab_category where home > 0 ] 
14.07.2020 11:55:59 sql=[SELECT id,img, title, description FROM grab_content where cid=1 limit 6] 
14.07.2020 11:55:59 sql=[SELECT id,img, title, description FROM grab_content where cid=2 limit 6] 
14.07.2020 11:55:59 sql=[SELECT id,img, title, description FROM grab_content where cid=3 limit 6] 
14.07.2020 11:55:59 sql=[SELECT id,img, title, description FROM grab_content where cid=4 limit 6] 
14.07.2020 11:55:59 sql=[SELECT id,img, title, description FROM grab_content where cid=5 limit 6] 
14.07.2020 11:55:59 sql=[SELECT id,img, title, description FROM grab_content where cid=6 limit 6] 
14.07.2020 11:55:59 sql=[SELECT * FROM grab_category where `right` > 0 order by `right` desc] 
14.07.2020 11:55:59 sql=[SELECT id,img, title, description FROM grab_content where cid=3 limit 6] 
14.07.2020 11:55:59 sql=[SELECT id,img, title, description FROM grab_content where cid=7 limit 6] 
14.07.2020 11:55:59 sql=[SELECT id,img, title, description FROM grab_content where cid=8 limit 6] 
14.07.2020 11:55:59 sql=[SELECT * FROM nghesi where id = 2 ] 
14.07.2020 11:55:59 sql=[SELECT * FROM grab_category where home > 0 ] 
14.07.2020 11:55:59 sql=[SELECT id,img, title, description FROM grab_content where cid=1 limit 6] 
14.07.2020 11:55:59 sql=[SELECT id,img, title, description FROM grab_content where cid=2 limit 6] 
14.07.2020 11:55:59 sql=[SELECT id,img, title, description FROM grab_content where cid=3 limit 6] 
14.07.2020 11:55:59 sql=[SELECT id,img, title, description FROM grab_content where cid=4 limit 6] 
14.07.2020 11:55:59 sql=[SELECT id,img, title, description FROM grab_content where cid=5 limit 6] 
14.07.2020 11:55:59 sql=[SELECT id,img, title, description FROM grab_content where cid=6 limit 6] 
14.07.2020 11:55:59 sql=[SELECT * FROM grab_category where `right` > 0 order by `right` desc] 
14.07.2020 11:55:59 sql=[SELECT id,img, title, description FROM grab_content where cid=3 limit 6] 
14.07.2020 11:55:59 sql=[SELECT id,img, title, description FROM grab_content where cid=7 limit 6] 
14.07.2020 11:55:59 sql=[SELECT id,img, title, description FROM grab_content where cid=8 limit 6] 
14.07.2020 11:57:13 sql=[SELECT * FROM nghesi where id = 2 ] 
14.07.2020 11:57:13 sql=[SELECT * FROM grab_category where home > 0 ] 
14.07.2020 11:57:13 sql=[SELECT id,img, title, description FROM grab_content where cid=1 limit 6] 
14.07.2020 11:57:13 sql=[SELECT id,img, title, description FROM grab_content where cid=2 limit 6] 
14.07.2020 11:57:13 sql=[SELECT id,img, title, description FROM grab_content where cid=3 limit 6] 
14.07.2020 11:57:13 sql=[SELECT id,img, title, description FROM grab_content where cid=4 limit 6] 
14.07.2020 11:57:13 sql=[SELECT id,img, title, description FROM grab_content where cid=5 limit 6] 
14.07.2020 11:57:13 sql=[SELECT id,img, title, description FROM grab_content where cid=6 limit 6] 
14.07.2020 11:57:13 sql=[SELECT * FROM grab_category where `right` > 0 order by `right` desc] 
14.07.2020 11:57:13 sql=[SELECT id,img, title, description FROM grab_content where cid=3 limit 6] 
14.07.2020 11:57:13 sql=[SELECT id,img, title, description FROM grab_content where cid=7 limit 6] 
14.07.2020 11:57:13 sql=[SELECT id,img, title, description FROM grab_content where cid=8 limit 6] 
14.07.2020 11:57:13 sql=[SELECT * FROM nghesi where id = 2 ] 
14.07.2020 11:57:13 sql=[SELECT * FROM grab_category where home > 0 ] 
14.07.2020 11:57:13 sql=[SELECT id,img, title, description FROM grab_content where cid=1 limit 6] 
14.07.2020 11:57:13 sql=[SELECT id,img, title, description FROM grab_content where cid=2 limit 6] 
14.07.2020 11:57:13 sql=[SELECT id,img, title, description FROM grab_content where cid=3 limit 6] 
14.07.2020 11:57:13 sql=[SELECT id,img, title, description FROM grab_content where cid=4 limit 6] 
14.07.2020 11:57:13 sql=[SELECT id,img, title, description FROM grab_content where cid=5 limit 6] 
14.07.2020 11:57:13 sql=[SELECT id,img, title, description FROM grab_content where cid=6 limit 6] 
14.07.2020 11:57:13 sql=[SELECT * FROM grab_category where `right` > 0 order by `right` desc] 
14.07.2020 11:57:13 sql=[SELECT id,img, title, description FROM grab_content where cid=3 limit 6] 
14.07.2020 11:57:13 sql=[SELECT id,img, title, description FROM grab_content where cid=7 limit 6] 
14.07.2020 11:57:13 sql=[SELECT id,img, title, description FROM grab_content where cid=8 limit 6] 
14.07.2020 11:58:07 sql=[SELECT * FROM nghesi where id = 2 ] 
14.07.2020 11:58:07 sql=[SELECT * FROM grab_category where home > 0 ] 
14.07.2020 11:58:07 sql=[SELECT id,img, title, description FROM grab_content where cid=1 limit 6] 
14.07.2020 11:58:07 sql=[SELECT id,img, title, description FROM grab_content where cid=2 limit 6] 
14.07.2020 11:58:07 sql=[SELECT id,img, title, description FROM grab_content where cid=3 limit 6] 
14.07.2020 11:58:07 sql=[SELECT id,img, title, description FROM grab_content where cid=4 limit 6] 
14.07.2020 11:58:07 sql=[SELECT id,img, title, description FROM grab_content where cid=5 limit 6] 
14.07.2020 11:58:07 sql=[SELECT id,img, title, description FROM grab_content where cid=6 limit 6] 
14.07.2020 11:58:07 sql=[SELECT * FROM grab_category where `right` > 0 order by `right` desc] 
14.07.2020 11:58:07 sql=[SELECT id,img, title, description FROM grab_content where cid=3 limit 6] 
14.07.2020 11:58:07 sql=[SELECT id,img, title, description FROM grab_content where cid=7 limit 6] 
14.07.2020 11:58:07 sql=[SELECT id,img, title, description FROM grab_content where cid=8 limit 6] 
14.07.2020 11:58:07 sql=[SELECT * FROM nghesi where id = 2 ] 
14.07.2020 11:58:07 sql=[SELECT * FROM grab_category where home > 0 ] 
14.07.2020 11:58:07 sql=[SELECT id,img, title, description FROM grab_content where cid=1 limit 6] 
14.07.2020 11:58:07 sql=[SELECT id,img, title, description FROM grab_content where cid=2 limit 6] 
14.07.2020 11:58:07 sql=[SELECT id,img, title, description FROM grab_content where cid=3 limit 6] 
14.07.2020 11:58:07 sql=[SELECT id,img, title, description FROM grab_content where cid=4 limit 6] 
14.07.2020 11:58:07 sql=[SELECT id,img, title, description FROM grab_content where cid=5 limit 6] 
14.07.2020 11:58:07 sql=[SELECT id,img, title, description FROM grab_content where cid=6 limit 6] 
14.07.2020 11:58:07 sql=[SELECT * FROM grab_category where `right` > 0 order by `right` desc] 
14.07.2020 11:58:07 sql=[SELECT id,img, title, description FROM grab_content where cid=3 limit 6] 
14.07.2020 11:58:07 sql=[SELECT id,img, title, description FROM grab_content where cid=7 limit 6] 
14.07.2020 11:58:07 sql=[SELECT id,img, title, description FROM grab_content where cid=8 limit 6] 
